===== Run 1 =====
============================= test session starts ==============================
platform linux -- Python 3.10.16, pytest-8.3.5, pluggy-1.5.0
rootdir: /home/birud_ubuntu/STT-Labs/Assignment-2/Lab6/algorithms
plugins: xdist-3.6.1, run-parallel-0.3.1
created: 1/1 worker
1 worker [416 items]

........................................................................ [ 17%]
...............F........................................................ [ 34%]
........FF..............F............................................... [ 51%]
........................................................................ [ 69%]
........................................................................ [ 86%]
........................................................                 [100%]
=================================== FAILURES ===================================
____________________ TestHuffmanCoding.test_huffman_coding _____________________
[gw0] linux -- Python 3.10.16 /home/birud_ubuntu/miniconda3/envs/lab6/bin/python

self = <test_compression.TestHuffmanCoding testMethod=test_huffman_coding>

    def test_huffman_coding(self):
        HuffmanCoding.encode_file(self.file_in_name, self.file_out_bin_name)
        HuffmanCoding.decode_file(self.file_out_bin_name, self.file_out_name)
    
        with open(self.file_in_name, "rb") as file_1, open(self.file_out_name, "rb") as file_2:
            content_1 = file_1.read()
            content_2 = file_2.read()
    
>           self.assertEqual(content_1, content_2)
E           AssertionError: b'G\xf4\xb2\xda\x9c/4?\xf8\x8b\x17B\x98Z\xe[28793 chars]qE]?' != b''

tests/test_compression.py:30: AssertionError
----------------------------- Captured stdout call -----------------------------
File encoded.
File decoded.
File encoded.
File decoded.
File encoded.
File decoded.
File encoded.
File decoded.
File encoded.
File encoded.
File decoded.
File encoded.
File decoded.
File encoded.File encoded.

File decoded.File decoded.

File decoded.
File encoded.
File encoded.
File encoded.
File encoded.
File decoded.
File decoded.
File decoded.
File decoded.
File encoded.
File encoded.
File decoded.
File decoded.
File encoded.
File decoded.
__________________________ TestBinaryHeap.test_insert __________________________
[gw0] linux -- Python 3.10.16 /home/birud_ubuntu/miniconda3/envs/lab6/bin/python

self = <test_heap.TestBinaryHeap testMethod=test_insert>

    def test_insert(self):
        # Before insert 2: [0, 4, 50, 7, 55, 90, 87]
        # After insert:  [0, 2, 50, 4, 55, 90, 87, 7]
        self.min_heap.insert(2)
>       self.assertEqual([0, 2, 50, 4, 55, 90, 87, 7],
                         self.min_heap.heap)
E       AssertionError: Lists differ: [0, 2, 50, 4, 55, 90, 87, 7] != [0, 2, 2, 4, 50, 90, 87, 7, 55]
E       
E       First differing element 2:
E       50
E       2
E       
E       Second list contains 1 additional elements.
E       First extra element 8:
E       55
E       
E       - [0, 2, 50, 4, 55, 90, 87, 7]
E       + [0, 2, 2, 4, 50, 90, 87, 7, 55]

tests/test_heap.py:29: AssertionError
________________________ TestBinaryHeap.test_remove_min ________________________
[gw0] linux -- Python 3.10.16 /home/birud_ubuntu/miniconda3/envs/lab6/bin/python

self = <test_heap.TestBinaryHeap testMethod=test_remove_min>

    def test_remove_min(self):
        ret = self.min_heap.remove_min()
        # Before remove_min : [0, 4, 50, 7, 55, 90, 87]
        # After remove_min: [7, 50, 87, 55, 90]
        # Test return value
>       self.assertEqual(4, ret)
E       AssertionError: 4 != 7

tests/test_heap.py:38: AssertionError
_________________________ TestSuite.test_is_palindrome _________________________
[gw0] linux -- Python 3.10.16 /home/birud_ubuntu/miniconda3/envs/lab6/bin/python

self = <test_linkedlist.TestSuite testMethod=test_is_palindrome>

    def test_is_palindrome(self):
>       self.assertTrue(is_palindrome(self.l))
E       AssertionError: False is not true

tests/test_linkedlist.py:167: AssertionError
=========================== short test summary info ============================
FAILED tests/test_compression.py::TestHuffmanCoding::test_huffman_coding - As...
FAILED tests/test_heap.py::TestBinaryHeap::test_insert - AssertionError: List...
FAILED tests/test_heap.py::TestBinaryHeap::test_remove_min - AssertionError: ...
FAILED tests/test_linkedlist.py::TestSuite::test_is_palindrome - AssertionErr...
=================== 4 failed, 412 passed in 60.97s (0:01:00) ===================


===== Run 2 =====
============================= test session starts ==============================
platform linux -- Python 3.10.16, pytest-8.3.5, pluggy-1.5.0
rootdir: /home/birud_ubuntu/STT-Labs/Assignment-2/Lab6/algorithms
plugins: xdist-3.6.1, run-parallel-0.3.1
created: 1/1 worker
1 worker [416 items]

........................................................................ [ 17%]
...............F........................................................ [ 34%]
........FF..............F............................................... [ 51%]
........................................................................ [ 69%]
........................................................................ [ 86%]
........................................................                 [100%]
=================================== FAILURES ===================================
____________________ TestHuffmanCoding.test_huffman_coding _____________________
[gw0] linux -- Python 3.10.16 /home/birud_ubuntu/miniconda3/envs/lab6/bin/python

self = <test_compression.TestHuffmanCoding testMethod=test_huffman_coding>

    def test_huffman_coding(self):
        HuffmanCoding.encode_file(self.file_in_name, self.file_out_bin_name)
        HuffmanCoding.decode_file(self.file_out_bin_name, self.file_out_name)
    
        with open(self.file_in_name, "rb") as file_1, open(self.file_out_name, "rb") as file_2:
            content_1 = file_1.read()
            content_2 = file_2.read()
    
>           self.assertEqual(content_1, content_2)
E           AssertionError: b'G\x[23638 chars]d\xe4$\x17\x80\xeb\n\xd7r|%\xd6\xa6H(\x97H\xd2[5147 chars]qE]?' != b'G\x[23638 chars]d\xe4'

tests/test_compression.py:30: AssertionError
----------------------------- Captured stdout call -----------------------------
File encoded.
File encoded.
File decoded.
File encoded.
File decoded.
File decoded.
File encoded.File encoded.

File encoded.
File encoded.
File encoded.
File decoded.
File decoded.
File decoded.
File decoded.File decoded.

File encoded.
File encoded.
File decoded.File decoded.

File encoded.
File encoded.
File decoded.
File decoded.
File encoded.
File encoded.
File decoded.
File decoded.
File encoded.
File decoded.
File encoded.
File decoded.
__________________________ TestBinaryHeap.test_insert __________________________
[gw0] linux -- Python 3.10.16 /home/birud_ubuntu/miniconda3/envs/lab6/bin/python

self = <test_heap.TestBinaryHeap testMethod=test_insert>

    def test_insert(self):
        # Before insert 2: [0, 4, 50, 7, 55, 90, 87]
        # After insert:  [0, 2, 50, 4, 55, 90, 87, 7]
        self.min_heap.insert(2)
>       self.assertEqual([0, 2, 50, 4, 55, 90, 87, 7],
                         self.min_heap.heap)
E       AssertionError: Lists differ: [0, 2, 50, 4, 55, 90, 87, 7] != [0, 2, 2, 4, 50, 90, 87, 7, 55]
E       
E       First differing element 2:
E       50
E       2
E       
E       Second list contains 1 additional elements.
E       First extra element 8:
E       55
E       
E       - [0, 2, 50, 4, 55, 90, 87, 7]
E       + [0, 2, 2, 4, 50, 90, 87, 7, 55]

tests/test_heap.py:29: AssertionError
________________________ TestBinaryHeap.test_remove_min ________________________
[gw0] linux -- Python 3.10.16 /home/birud_ubuntu/miniconda3/envs/lab6/bin/python

self = <test_heap.TestBinaryHeap testMethod=test_remove_min>

    def test_remove_min(self):
        ret = self.min_heap.remove_min()
        # Before remove_min : [0, 4, 50, 7, 55, 90, 87]
        # After remove_min: [7, 50, 87, 55, 90]
        # Test return value
>       self.assertEqual(4, ret)
E       AssertionError: 4 != 7

tests/test_heap.py:38: AssertionError
_________________________ TestSuite.test_is_palindrome _________________________
[gw0] linux -- Python 3.10.16 /home/birud_ubuntu/miniconda3/envs/lab6/bin/python

self = <test_linkedlist.TestSuite testMethod=test_is_palindrome>

    def test_is_palindrome(self):
>       self.assertTrue(is_palindrome(self.l))
E       AssertionError: False is not true

tests/test_linkedlist.py:167: AssertionError
=========================== short test summary info ============================
FAILED tests/test_compression.py::TestHuffmanCoding::test_huffman_coding - As...
FAILED tests/test_heap.py::TestBinaryHeap::test_insert - AssertionError: List...
FAILED tests/test_heap.py::TestBinaryHeap::test_remove_min - AssertionError: ...
FAILED tests/test_linkedlist.py::TestSuite::test_is_palindrome - AssertionErr...
=================== 4 failed, 412 passed in 62.05s (0:01:02) ===================


===== Run 3 =====
============================= test session starts ==============================
platform linux -- Python 3.10.16, pytest-8.3.5, pluggy-1.5.0
rootdir: /home/birud_ubuntu/STT-Labs/Assignment-2/Lab6/algorithms
plugins: xdist-3.6.1, run-parallel-0.3.1
created: 1/1 worker
1 worker [416 items]

........................................................................ [ 17%]
...............F........................................................ [ 34%]
........FF..............F............................................... [ 51%]
........................................................................ [ 69%]
........................................................................ [ 86%]
........................................................                 [100%]
=================================== FAILURES ===================================
____________________ TestHuffmanCoding.test_huffman_coding _____________________
[gw0] linux -- Python 3.10.16 /home/birud_ubuntu/miniconda3/envs/lab6/bin/python

self = <test_compression.TestHuffmanCoding testMethod=test_huffman_coding>

    def test_huffman_coding(self):
        HuffmanCoding.encode_file(self.file_in_name, self.file_out_bin_name)
        HuffmanCoding.decode_file(self.file_out_bin_name, self.file_out_name)
    
        with open(self.file_in_name, "rb") as file_1, open(self.file_out_name, "rb") as file_2:
            content_1 = file_1.read()
            content_2 = file_2.read()
    
>           self.assertEqual(content_1, content_2)
E           AssertionError: b'G\x[11852 chars]x8dLU\x80\xb6\xc9\xc8\xc7\xc5fm\x04\x8a\xcf\x9[16933 chars]qE]?' != b'G\x[11852 chars]x8dLU'

tests/test_compression.py:30: AssertionError
----------------------------- Captured stdout call -----------------------------
File encoded.
File decoded.
File encoded.
File encoded.
File encoded.
File encoded.
File decoded.
File decoded.
File decoded.
File decoded.
File encoded.
File encoded.
File encoded.
File decoded.File decoded.

File decoded.
File encoded.
File encoded.File encoded.

File encoded.File decoded.

File decoded.
File encoded.
File decoded.
File decoded.
File decoded.
File encoded.
File encoded.
File decoded.
File decoded.
File encoded.
File decoded.
__________________________ TestBinaryHeap.test_insert __________________________
[gw0] linux -- Python 3.10.16 /home/birud_ubuntu/miniconda3/envs/lab6/bin/python

self = <test_heap.TestBinaryHeap testMethod=test_insert>

    def test_insert(self):
        # Before insert 2: [0, 4, 50, 7, 55, 90, 87]
        # After insert:  [0, 2, 50, 4, 55, 90, 87, 7]
        self.min_heap.insert(2)
>       self.assertEqual([0, 2, 50, 4, 55, 90, 87, 7],
                         self.min_heap.heap)
E       AssertionError: Lists differ: [0, 2, 50, 4, 55, 90, 87, 7] != [0, 2, 2, 4, 50, 90, 87, 7, 55]
E       
E       First differing element 2:
E       50
E       2
E       
E       Second list contains 1 additional elements.
E       First extra element 8:
E       55
E       
E       - [0, 2, 50, 4, 55, 90, 87, 7]
E       + [0, 2, 2, 4, 50, 90, 87, 7, 55]

tests/test_heap.py:29: AssertionError
________________________ TestBinaryHeap.test_remove_min ________________________
[gw0] linux -- Python 3.10.16 /home/birud_ubuntu/miniconda3/envs/lab6/bin/python

self = <test_heap.TestBinaryHeap testMethod=test_remove_min>

    def test_remove_min(self):
        ret = self.min_heap.remove_min()
        # Before remove_min : [0, 4, 50, 7, 55, 90, 87]
        # After remove_min: [7, 50, 87, 55, 90]
        # Test return value
>       self.assertEqual(4, ret)
E       AssertionError: 4 != 7

tests/test_heap.py:38: AssertionError
_________________________ TestSuite.test_is_palindrome _________________________
[gw0] linux -- Python 3.10.16 /home/birud_ubuntu/miniconda3/envs/lab6/bin/python

self = <test_linkedlist.TestSuite testMethod=test_is_palindrome>

    def test_is_palindrome(self):
>       self.assertTrue(is_palindrome(self.l))
E       AssertionError: False is not true

tests/test_linkedlist.py:167: AssertionError
=========================== short test summary info ============================
FAILED tests/test_compression.py::TestHuffmanCoding::test_huffman_coding - As...
FAILED tests/test_heap.py::TestBinaryHeap::test_insert - AssertionError: List...
FAILED tests/test_heap.py::TestBinaryHeap::test_remove_min - AssertionError: ...
FAILED tests/test_linkedlist.py::TestSuite::test_is_palindrome - AssertionErr...
=================== 4 failed, 412 passed in 61.06s (0:01:01) ===================


